2021-08-15 00:18:11 [5] [ERROR] - Exception in CTcpSocket.OnSendHandler - Packet send queue pop error!!! 
2021-08-15 00:31:37 [5] [ERROR] - Exception in CTcpSocket.OnSendHandler - Packet send queue pop error!!! 
2021-08-15 00:31:58 [3] [ERROR] - Exception in CTcpSocket.OnReceiveHandler - Data receive error!!!(BytesTransferred = 0, SocketError = ConnectionReset) 
2021-08-15 00:31:58 [3] [ERROR] - Exception in CSocketBase.Disconnect!!! - Socket is already destroyed 
2021-08-15 00:32:04 [6] [ERROR] - Exception in CTcpSocket.OnSendHandler - Packet send queue pop error!!! 
2021-08-15 00:33:40 [5] [ERROR] - Exception in CTcpSocket.OnSendHandler - Packet send queue pop error!!! 
2021-08-15 13:10:39 [3] [ERROR] - Error in CAcceptor.OnAcceptHandler!!! - ConnectionReset 
2021-08-15 15:17:28 [3] [ERROR] - Error in CAcceptor.OnAcceptHandler!!! - ConnectionReset 
2021-08-15 16:00:07 [5] [ERROR] - Error in CTcpSocket.OnSendHandler - Packet Send queue Pop Error 
2021-08-15 18:09:24 [5] [ERROR] - Error in CTcpSocket.OnSendHandler - Packet Send queue Pop Error 
2021-08-15 18:19:01 [5] [ERROR] - Error in CTcpSocket.OnSendHandler - Packet Send queue Pop Error 
2021-08-15 18:23:13 [5] [ERROR] - Error in CTcpSocket.OnSendHandler - Packet Send queue Pop Error 
2021-08-15 18:23:48 [3] [ERROR] - Exception in CTcpSocket.OnReceiveHandler - Data receive error!!!(BytesTransferred = 0, SocketError = ConnectionReset) 
2021-08-15 18:23:48 [3] [ERROR] - Exception in CSocketBase.Disconnect!!! - Socket is already destroyed 
2021-08-15 18:23:57 [3] [ERROR] - Error in CAcceptor.OnAcceptHandler!!! - ConnectionReset 
2021-08-15 18:24:01 [6] [ERROR] - Error in CTcpSocket.OnSendHandler - Packet Send queue Pop Error 
2021-08-15 18:24:33 [3] [ERROR] - Exception in CTcpSocket.OnReceiveHandler - Data receive error!!!(BytesTransferred = 0, SocketError = ConnectionReset) 
2021-08-15 18:24:33 [3] [ERROR] - Exception in CSocketBase.Disconnect!!! - Socket is already destroyed 
2021-08-15 18:24:37 [7] [ERROR] - Error in CTcpSocket.OnSendHandler - Packet Send queue Pop Error 
2021-08-15 18:36:25 [5] [ERROR] - Error in CTcpSocket.OnSendHandler - Packet Send queue Pop Error 
2021-08-15 18:41:58 [3] [ERROR] - Error in CAcceptor.OnAcceptHandler!!! - ConnectionReset 
2021-08-15 18:42:13 [3] [ERROR] - Error in CTcpSocket.OnSendHandler - Packet Send queue Pop Error 
2021-08-15 18:42:19 [3] [ERROR] - Exception in CTcpSocket.OnReceiveHandler - Data receive error!!!(BytesTransferred = 0, SocketError = ConnectionReset) 
2021-08-15 18:42:19 [3] [ERROR] - Exception in CSocketBase.Disconnect!!! - Socket is already destroyed 
2021-08-15 18:42:24 [5] [ERROR] - Error in CTcpSocket.OnSendHandler - Packet Send queue Pop Error 
2021-08-15 18:42:52 [5] [ERROR] - Exception in CTcpSocket.OnReceiveHandler - Data receive error!!!(BytesTransferred = 0, SocketError = ConnectionReset) 
2021-08-15 18:42:52 [5] [ERROR] - Exception in CSocketBase.Disconnect!!! - Socket is already destroyed 
2021-08-15 18:42:59 [6] [ERROR] - Error in CTcpSocket.OnSendHandler - Packet Send queue Pop Error 
2021-08-15 18:43:26 [6] [ERROR] - Exception in CTcpSocket.OnReceiveHandler - Data receive error!!!(BytesTransferred = 0, SocketError = ConnectionReset) 
2021-08-15 18:43:26 [6] [ERROR] - Exception in CSocketBase.Disconnect!!! - Socket is already destroyed 
2021-08-15 18:43:27 [6] [ERROR] - Error in CTcpSocket.OnSendHandler - Packet Send queue Pop Error 
2021-08-15 18:44:30 [5] [ERROR] - Error in CTcpSocket.OnSendHandler - Packet Send queue Pop Error 
2021-08-15 18:45:48 [5] [ERROR] - Error in CTcpSocket.OnSendHandler - Packet Send queue Pop Error 
