2021-08-02 21:49:59 [4] [INFO] - [FLOW] 1.Acceptor.Start - Accept Start 
2021-08-02 21:50:54 [3] [INFO] - [FLOW] 2.CAcceptor.OnAcceptHandler - Call OnAccpetHandler(Accpet is success) 
2021-08-02 21:51:03 [3] [INFO] - [FLOW] 3.CAcceptor.OnAcceptHandler - Receive Start 
2021-08-02 21:51:59 [3] [ERROR] - Exception in CTcpSocket.OnReceiveHandler - Data receive error!!!(BytesTransferred = 0, SocketError = ConnectionReset) 
2021-08-02 21:52:34 [3] [INFO] - [FLOW] 2.CAcceptor.OnAcceptHandler - Call OnAccpetHandler(Accpet is success) 
2021-08-02 21:52:36 [3] [INFO] - [FLOW] 3.CAcceptor.OnAcceptHandler - Receive Start 
2021-08-02 21:53:01 [3] [ERROR] - Exception in CTcpSocket.OnReceiveHandler - Data receive error!!!(BytesTransferred = 0, SocketError = ConnectionReset) 
2021-08-02 21:53:19 [4] [INFO] - [FLOW] 1.Acceptor.Start - Accept Start 
2021-08-02 21:53:34 [3] [INFO] - [FLOW] 2.CAcceptor.OnAcceptHandler - Call OnAccpetHandler(Accpet is success) 
2021-08-02 21:53:34 [3] [INFO] - [FLOW] 3.CAcceptor.OnAcceptHandler - Receive Start 
2021-08-02 21:53:41 [5] [ERROR] - Exception in CTcpSocket.OnReceiveHandler - Data receive error!!!(BytesTransferred = 0, SocketError = ConnectionReset) 
2021-08-02 21:53:59 [4] [INFO] - [FLOW] 1.Acceptor.Start - Accept Start 
2021-08-02 22:14:56 [4] [INFO] - [FLOW] 1.Acceptor.Start - Accept Start 
2021-08-02 22:15:31 [4] [INFO] - [FLOW] 1.Acceptor.Start - Accept Start 
2021-08-02 22:15:54 [4] [INFO] - [FLOW] 1.Acceptor.Start - Accept Start 
2021-08-02 22:17:11 [4] [INFO] - [FLOW] 1.Acceptor.Start - Accept Start 
2021-08-02 22:17:29 [3] [INFO] - [FLOW] 2.CAcceptor.OnAcceptHandler - Call OnAccpetHandler(Accpet is success) 
2021-08-02 23:10:22 [4] [INFO] - [FLOW] 1.Acceptor.Start - Accept Start 
2021-08-02 23:10:39 [3] [INFO] - [FLOW] 2.CAcceptor.OnAcceptHandler - Call OnAccpetHandler(Accpet is success) 
2021-08-02 23:11:39 [3] [INFO] - [FLOW] 3.CAcceptor.OnAcceptHandler - Receive Start 
2021-08-02 23:12:29 [3] [ERROR] - Exception in CTcpSocket.OnReceiveHandler - Data receive error!!!(BytesTransferred = 0, SocketError = ConnectionReset) 
2021-08-02 23:12:34 [3] [ERROR] - Exception in CSocketBase.Disconnect!!! - Socket is already destroyed 
2021-08-02 23:13:14 [3] [INFO] - [FLOW] 2.CAcceptor.OnAcceptHandler - Call OnAccpetHandler(Accpet is success) 
2021-08-02 23:13:16 [3] [INFO] - [FLOW] 3.CAcceptor.OnAcceptHandler - Receive Start 
2021-08-02 23:19:25 [4] [INFO] - [FLOW] 1.Acceptor.Start - Accept Start 
2021-08-02 23:19:44 [3] [INFO] - [FLOW] 2.CAcceptor.OnAcceptHandler - Call OnAccpetHandler(Accpet is success) 
2021-08-02 23:19:45 [3] [INFO] - [FLOW] 3.CAcceptor.OnAcceptHandler - Receive Start 
2021-08-02 23:19:47 [5] [ERROR] - Exception in CTcpSocket.OnSendHandler - Packet send queue pop error!!! 
2021-08-02 23:35:42 [4] [INFO] - [FLOW] 1.Acceptor.Start - Accept Start 
2021-08-02 23:35:55 [3] [INFO] - [FLOW] 2.CAcceptor.OnAcceptHandler - Call OnAccpetHandler(Accpet is success) 
2021-08-02 23:35:57 [3] [INFO] - [FLOW] 3.CAcceptor.OnAcceptHandler - Receive Start 
2021-08-02 23:36:01 [5] [ERROR] - Exception in CTcpSocket.OnSendHandler - Packet send queue pop error!!! 
2021-08-02 23:36:17 [5] [ERROR] - Exception in CTcpSocket.OnReceiveHandler - Data receive error!!!(BytesTransferred = 0, SocketError = ConnectionReset) 
2021-08-02 23:36:17 [5] [ERROR] - Exception in CSocketBase.Disconnect!!! - Socket is already destroyed 
2021-08-02 23:36:24 [5] [INFO] - [FLOW] 2.CAcceptor.OnAcceptHandler - Call OnAccpetHandler(Accpet is success) 
2021-08-02 23:36:24 [5] [INFO] - [FLOW] 3.CAcceptor.OnAcceptHandler - Receive Start 
2021-08-02 23:36:25 [6] [ERROR] - Exception in CTcpSocket.OnSendHandler - Packet send queue pop error!!! 
2021-08-02 23:37:10 [5] [ERROR] - Exception in CTcpSocket.OnReceiveHandler - Data receive error!!!(BytesTransferred = 0, SocketError = ConnectionReset) 
2021-08-02 23:37:10 [5] [ERROR] - Exception in CSocketBase.Disconnect!!! - Socket is already destroyed 
2021-08-02 23:37:11 [7] [INFO] - [FLOW] 2.CAcceptor.OnAcceptHandler - Call OnAccpetHandler(Accpet is success) 
2021-08-02 23:37:11 [7] [INFO] - [FLOW] 3.CAcceptor.OnAcceptHandler - Receive Start 
2021-08-02 23:37:11 [5] [ERROR] - Exception in CTcpSocket.OnSendHandler - Packet send queue pop error!!! 
2021-08-02 23:41:17 [4] [INFO] - [FLOW] 1.Acceptor.Start - Accept Start 
2021-08-02 23:41:27 [3] [INFO] - [FLOW] 2.CAcceptor.OnAcceptHandler - Call OnAccpetHandler(Accpet is success) 
2021-08-02 23:41:27 [3] [INFO] - [FLOW] 3.CAcceptor.OnAcceptHandler - Receive Start 
2021-08-02 23:45:55 [4] [INFO] - [FLOW] 1.Acceptor.Start - Accept Start 
2021-08-02 23:45:58 [3] [INFO] - [FLOW] 2.CAcceptor.OnAcceptHandler - Call OnAccpetHandler(Accpet is success) 
2021-08-02 23:45:58 [3] [INFO] - [FLOW] 3.CAcceptor.OnAcceptHandler - Receive Start 
2021-08-02 23:50:34 [4] [INFO] - [FLOW] 1.Acceptor.Start - Accept Start 
2021-08-02 23:51:19 [3] [INFO] - [FLOW] 2.CAcceptor.OnAcceptHandler - Call OnAccpetHandler(Accpet is success) 
2021-08-02 23:51:19 [3] [INFO] - [FLOW] 3.CAcceptor.OnAcceptHandler - Receive Start 
2021-08-02 23:51:22 [5] [ERROR] - Exception in CTcpSocket.OnSendHandler - Packet send queue pop error!!! 
