2021-08-03 00:13:18 [4] [INFO] - [FLOW] 1.Acceptor.Start - Accept Start 
2021-08-03 00:13:37 [3] [INFO] - [FLOW] 2.CAcceptor.OnAcceptHandler - Call OnAccpetHandler(Accpet is success) 
2021-08-03 00:13:37 [3] [INFO] - [FLOW] 3.CAcceptor.OnAcceptHandler - Receive Start 
2021-08-03 00:15:03 [5] [ERROR] - Exception in CTcpSocket.OnSendHandler - Packet send queue pop error!!! 
2021-08-03 00:15:03 [3] [ERROR] - Exception in CTcpSocket.OnReceiveHandler - Data receive error!!!(BytesTransferred = 0, SocketError = ConnectionReset) 
2021-08-03 00:15:03 [3] [ERROR] - Exception in CSocketBase.Disconnect!!! - Socket is already destroyed 
2021-08-03 00:15:08 [3] [INFO] - [FLOW] 2.CAcceptor.OnAcceptHandler - Call OnAccpetHandler(Accpet is success) 
2021-08-03 00:15:08 [3] [INFO] - [FLOW] 3.CAcceptor.OnAcceptHandler - Receive Start 
2021-08-03 00:15:09 [6] [ERROR] - Exception in CTcpSocket.OnSendHandler - Packet send queue pop error!!! 
2021-08-03 00:22:55 [3] [ERROR] - Exception in CTcpSocket.OnReceiveHandler - Data receive error!!!(BytesTransferred = 0, SocketError = ConnectionReset) 
2021-08-03 00:22:55 [3] [ERROR] - Exception in CSocketBase.Disconnect!!! - Socket is already destroyed 
2021-08-03 00:23:01 [3] [INFO] - [FLOW] 2.CAcceptor.OnAcceptHandler - Call OnAccpetHandler(Accpet is success) 
2021-08-03 00:23:01 [3] [INFO] - [FLOW] 3.CAcceptor.OnAcceptHandler - Receive Start 
2021-08-03 00:23:02 [7] [ERROR] - Exception in CTcpSocket.OnSendHandler - Packet send queue pop error!!! 
2021-08-03 00:27:01 [4] [INFO] - [FLOW] 1.Acceptor.Start - Accept Start 
2021-08-03 00:27:07 [3] [INFO] - [FLOW] 2.CAcceptor.OnAcceptHandler - Call OnAccpetHandler(Accpet is success) 
2021-08-03 00:27:07 [3] [INFO] - [FLOW] 3.CAcceptor.OnAcceptHandler - Receive Start 
2021-08-03 00:27:08 [5] [ERROR] - Exception in CTcpSocket.OnSendHandler - Packet send queue pop error!!! 
2021-08-03 00:28:05 [5] [ERROR] - Exception in CTcpSocket.OnReceiveHandler - Data receive error!!!(BytesTransferred = 0, SocketError = ConnectionReset) 
2021-08-03 00:28:05 [5] [ERROR] - Exception in CSocketBase.Disconnect!!! - Socket is already destroyed 
2021-08-03 00:28:05 [6] [INFO] - [FLOW] 2.CAcceptor.OnAcceptHandler - Call OnAccpetHandler(Accpet is success) 
2021-08-03 00:28:05 [6] [INFO] - [FLOW] 3.CAcceptor.OnAcceptHandler - Receive Start 
2021-08-03 00:28:06 [7] [ERROR] - Exception in CTcpSocket.OnSendHandler - Packet send queue pop error!!! 
2021-08-03 00:32:11 [7] [ERROR] - Exception in CTcpSocket.OnReceiveHandler - Data receive error!!!(BytesTransferred = 0, SocketError = ConnectionReset) 
2021-08-03 00:32:11 [7] [ERROR] - Exception in CSocketBase.Disconnect!!! - Socket is already destroyed 
2021-08-03 00:32:12 [8] [INFO] - [FLOW] 2.CAcceptor.OnAcceptHandler - Call OnAccpetHandler(Accpet is success) 
2021-08-03 00:32:12 [8] [INFO] - [FLOW] 3.CAcceptor.OnAcceptHandler - Receive Start 
2021-08-03 00:32:13 [7] [ERROR] - Exception in CTcpSocket.OnSendHandler - Packet send queue pop error!!! 
2021-08-03 00:32:54 [7] [ERROR] - Exception in CTcpSocket.OnReceiveHandler - Data receive error!!!(BytesTransferred = 0, SocketError = ConnectionReset) 
2021-08-03 00:32:54 [7] [ERROR] - Exception in CSocketBase.Disconnect!!! - Socket is already destroyed 
2021-08-03 00:32:59 [7] [INFO] - [FLOW] 2.CAcceptor.OnAcceptHandler - Call OnAccpetHandler(Accpet is success) 
2021-08-03 00:32:59 [7] [INFO] - [FLOW] 3.CAcceptor.OnAcceptHandler - Receive Start 
2021-08-03 00:32:59 [9] [ERROR] - Exception in CTcpSocket.OnSendHandler - Packet send queue pop error!!! 
2021-08-03 00:33:30 [9] [ERROR] - Exception in CTcpSocket.OnReceiveHandler - Data receive error!!!(BytesTransferred = 0, SocketError = ConnectionReset) 
2021-08-03 00:33:30 [9] [ERROR] - Exception in CSocketBase.Disconnect!!! - Socket is already destroyed 
2021-08-03 00:33:33 [9] [INFO] - [FLOW] 2.CAcceptor.OnAcceptHandler - Call OnAccpetHandler(Accpet is success) 
2021-08-03 00:33:33 [9] [INFO] - [FLOW] 3.CAcceptor.OnAcceptHandler - Receive Start 
2021-08-03 00:33:34 [10] [ERROR] - Exception in CTcpSocket.OnSendHandler - Packet send queue pop error!!! 
2021-08-03 00:37:16 [4] [INFO] - [FLOW] 1.Acceptor.Start - Accept Start 
2021-08-03 00:37:24 [3] [INFO] - [FLOW] 2.CAcceptor.OnAcceptHandler - Call OnAccpetHandler(Accpet is success) 
2021-08-03 00:37:24 [3] [INFO] - [FLOW] 3.CAcceptor.OnAcceptHandler - Receive Start 
2021-08-03 00:37:26 [5] [ERROR] - Exception in CTcpSocket.OnSendHandler - Packet send queue pop error!!! 
