2021-07-28 00:07:17 [4] [INFO] - [FLOW] 1.Acceptor.Start - Accept Start 
2021-07-28 00:09:54 [3] [ERROR] - Exception in CSocketBase.Disconnect!!! - Socket is already destroyed 
2021-07-28 00:09:54 [3] [ERROR] - Error in CAcceptor.OnAcceptHandler!!! - ConnectionReset 
2021-07-28 00:09:58 [5] [ERROR] - Exception in CSocketBase.Disconnect!!! - Socket is already destroyed 
2021-07-28 00:09:58 [5] [ERROR] - Error in CAcceptor.OnAcceptHandler!!! - ConnectionReset 
2021-07-28 00:10:02 [5] [INFO] - [FLOW] 2.CAcceptor.OnAcceptHandler - Call OnAccpetHandler(Accpet is success) 
2021-07-28 00:10:02 [5] [INFO] - [FLOW] 3.CAcceptor.OnAcceptHandler - Receive Start 
2021-07-28 00:10:12 [5] [ERROR] - Exception in CTcpSocket.OnReceiveHandler - Data receive error!!!(BytesTransferred = 0, SocketError = ConnectionReset) 
2021-07-28 00:10:12 [5] [ERROR] - Exception in CSocketBase.Disconnect!!! - Socket is already destroyed 
2021-07-28 00:10:23 [5] [ERROR] - Exception in CSocketBase.Disconnect!!! - Socket is already destroyed 
2021-07-28 00:10:23 [5] [ERROR] - Error in CAcceptor.OnAcceptHandler!!! - ConnectionReset 
2021-07-28 00:10:40 [5] [ERROR] - Exception in CSocketBase.Disconnect!!! - Socket is already destroyed 
2021-07-28 00:10:40 [5] [ERROR] - Error in CAcceptor.OnAcceptHandler!!! - ConnectionReset 
2021-07-28 00:33:54 [5] [ERROR] - Exception in CSocketBase.Disconnect!!! - Socket is already destroyed 
2021-07-28 00:33:54 [5] [ERROR] - Error in CAcceptor.OnAcceptHandler!!! - ConnectionReset 
2021-07-28 00:34:56 [5] [INFO] - [FLOW] 2.CAcceptor.OnAcceptHandler - Call OnAccpetHandler(Accpet is success) 
2021-07-28 00:35:05 [5] [INFO] - [FLOW] 3.CAcceptor.OnAcceptHandler - Receive Start 
2021-07-28 00:38:23 [4] [INFO] - [FLOW] 1.Acceptor.Start - Accept Start 
2021-07-28 00:38:45 [3] [INFO] - [FLOW] 2.CAcceptor.OnAcceptHandler - Call OnAccpetHandler(Accpet is success) 
2021-07-28 00:38:54 [3] [INFO] - [FLOW] 4.CTcpSocket.OnReceiveHandler - OnRecive Call Success - 0, 0 
2021-07-28 00:38:59 [3] [ERROR] - Exception in CTcpSocket.OnReceiveHandler - Packet receive bytesTransferred error!!!(BytesTransferred = 0) 
2021-07-28 00:40:44 [3] [INFO] - [FLOW] 2.CAcceptor.OnAcceptHandler - Call OnAccpetHandler(Accpet is success) 
2021-07-28 00:40:44 [3] [INFO] - [FLOW] 4.CTcpSocket.OnReceiveHandler - OnRecive Call Success - 0, 2048 
2021-07-28 00:40:44 [3] [ERROR] - Exception in CTcpSocket.OnReceiveHandler - Packet receive bytesTransferred error!!!(BytesTransferred = 0) 
2021-07-28 00:46:41 [3] [INFO] - [FLOW] 2.CAcceptor.OnAcceptHandler - Call OnAccpetHandler(Accpet is success) 
2021-07-28 00:46:41 [3] [INFO] - [FLOW] 4.CTcpSocket.OnReceiveHandler - OnRecive Call Success - 0, 4096 
2021-07-28 00:46:41 [3] [ERROR] - Exception in CTcpSocket.OnReceiveHandler - Packet receive bytesTransferred error!!!(BytesTransferred = 0) 
2021-07-28 00:47:25 [4] [INFO] - [FLOW] 1.Acceptor.Start - Accept Start 
2021-07-28 00:50:03 [4] [INFO] - [FLOW] 1.Acceptor.Start - Accept Start 
2021-07-28 00:53:22 [4] [INFO] - [FLOW] 1.Acceptor.Start - Accept Start 
2021-07-28 00:53:52 [4] [INFO] - [FLOW] 1.Acceptor.Start - Accept Start 
2021-07-28 00:54:08 [3] [INFO] - [FLOW] 2.CAcceptor.OnAcceptHandler - Call OnAccpetHandler(Accpet is success) 
2021-07-28 00:54:12 [3] [INFO] - [FLOW] 4.CTcpSocket.OnReceiveHandler - OnRecive Call Success - 0, 0 
2021-07-28 00:54:14 [3] [ERROR] - Exception in CTcpSocket.OnReceiveHandler - Packet receive bytesTransferred error!!!(BytesTransferred = 0) 
2021-07-28 01:13:35 [4] [INFO] - [FLOW] 1.Acceptor.Start - Accept Start 
2021-07-28 01:13:52 [3] [INFO] - [FLOW] 2.CAcceptor.OnAcceptHandler - Call OnAccpetHandler(Accpet is success) 
2021-07-28 01:13:56 [3] [INFO] - [FLOW] 4.CTcpSocket.OnReceiveHandler - OnRecive Call Success - 0, 0 
2021-07-28 01:14:01 [3] [ERROR] - Exception in CTcpSocket.OnReceiveHandler - Packet receive bytesTransferred error!!!(BytesTransferred = 0) 
2021-07-28 01:20:00 [4] [INFO] - [FLOW] 1.Acceptor.Start - Accept Start 
2021-07-28 01:20:20 [3] [INFO] - [FLOW] 2.CAcceptor.OnAcceptHandler - Call OnAccpetHandler(Accpet is success) 
2021-07-28 01:20:21 [3] [INFO] - [FLOW] 4.CTcpSocket.OnReceiveHandler - OnRecive Call Success - 0, 0 
2021-07-28 01:20:21 [3] [ERROR] - Exception in CTcpSocket.OnReceiveHandler - Packet receive bytesTransferred error!!!(BytesTransferred = 0) 
