2021-08-15 00:13:17 [4] [INFO] - [FLOW] 1.Acceptor.Start - Accept Start 
2021-08-15 00:16:20 [4] [INFO] - [FLOW] 1.Acceptor.Start - Accept Start 
2021-08-15 00:18:03 [3] [INFO] - [FLOW] 2.CAcceptor.OnAcceptHandler - Call OnAccpetHandler(Accpet is success) 
2021-08-15 00:18:06 [3] [INFO] - [FLOW] 3.CAcceptor.OnAcceptHandler - Receive Start 
2021-08-15 00:18:11 [5] [ERROR] - Exception in CTcpSocket.OnSendHandler - Packet send queue pop error!!! 
2021-08-15 00:29:52 [4] [INFO] - [FLOW] 1.Acceptor.Start - Accept Start 
2021-08-15 00:29:59 [3] [INFO] - [FLOW] 2.CAcceptor.OnAcceptHandler - Call OnAccpetHandler(Accpet is success) 
2021-08-15 00:29:59 [3] [INFO] - [FLOW] 3.CAcceptor.OnAcceptHandler - Receive Start 
2021-08-15 00:31:36 [4] [INFO] - [FLOW] 1.Acceptor.Start - Accept Start 
2021-08-15 00:31:36 [3] [INFO] - [FLOW] 2.CAcceptor.OnAcceptHandler - Call OnAccpetHandler(Accpet is success) 
2021-08-15 00:31:36 [3] [INFO] - [FLOW] 3.CAcceptor.OnAcceptHandler - Receive Start 
2021-08-15 00:31:37 [5] [ERROR] - Exception in CTcpSocket.OnSendHandler - Packet send queue pop error!!! 
2021-08-15 00:31:58 [3] [ERROR] - Exception in CTcpSocket.OnReceiveHandler - Data receive error!!!(BytesTransferred = 0, SocketError = ConnectionReset) 
2021-08-15 00:31:58 [3] [ERROR] - Exception in CSocketBase.Disconnect!!! - Socket is already destroyed 
2021-08-15 00:32:04 [3] [INFO] - [FLOW] 2.CAcceptor.OnAcceptHandler - Call OnAccpetHandler(Accpet is success) 
2021-08-15 00:32:04 [3] [INFO] - [FLOW] 3.CAcceptor.OnAcceptHandler - Receive Start 
2021-08-15 00:32:04 [6] [ERROR] - Exception in CTcpSocket.OnSendHandler - Packet send queue pop error!!! 
2021-08-15 00:33:32 [4] [INFO] - [FLOW] 1.Acceptor.Start - Accept Start 
2021-08-15 00:33:39 [3] [INFO] - [FLOW] 2.CAcceptor.OnAcceptHandler - Call OnAccpetHandler(Accpet is success) 
2021-08-15 00:33:39 [3] [INFO] - [FLOW] 3.CAcceptor.OnAcceptHandler - Receive Start 
2021-08-15 00:33:40 [5] [ERROR] - Exception in CTcpSocket.OnSendHandler - Packet send queue pop error!!! 
2021-08-15 13:07:44 [4] [INFO] - [FLOW] 1.Acceptor.Start - Accept Start 
2021-08-15 13:10:38 [4] [INFO] - [FLOW] 1.Acceptor.Start - Accept Start 
2021-08-15 13:10:39 [3] [ERROR] - Error in CAcceptor.OnAcceptHandler!!! - ConnectionReset 
2021-08-15 15:15:22 [4] [INFO] - [FLOW] 1.Acceptor.Start - Accept Start 
2021-08-15 15:17:28 [3] [ERROR] - Error in CAcceptor.OnAcceptHandler!!! - ConnectionReset 
2021-08-15 15:54:13 [4] [INFO] - [FLOW] 1.Acceptor.Start - Accept Start 
2021-08-15 15:56:08 [4] [INFO] - [FLOW] 1.Acceptor.Start - Accept Start 
2021-08-15 15:59:37 [4] [INFO] - [FLOW] 1.Acceptor.Start - Accept Start 
2021-08-15 16:00:06 [3] [INFO] - [FLOW] 2.CAcceptor.OnAcceptHandler - Call OnAccpetHandler(Accpet is success) 
2021-08-15 16:00:06 [3] [INFO] - [FLOW] 3.CAcceptor.OnAcceptHandler - Receive Start 
2021-08-15 16:00:07 [5] [ERROR] - Error in CTcpSocket.OnSendHandler - Packet Send queue Pop Error 
