2021-07-26 11:53:09 [4] [INFO] - [FLOW] 1.CConnector.Start - Connect Start 
2021-07-26 11:53:26 [3] [INFO] - [FLOW] 2.CConnector.OnConnectHandler - Call OnAccpetHandler(Connect is success) 
2021-07-26 11:54:22 [4] [INFO] - [FLOW] 1.CConnector.Start - Connect Start 
2021-07-26 11:54:25 [3] [INFO] - [FLOW] 2.CConnector.OnConnectHandler - Call OnAccpetHandler(Connect is success) 
2021-07-26 11:54:34 [4] [INFO] - [FLOW] 1.CConnector.Start - Connect Start 
2021-07-26 11:54:35 [3] [INFO] - [FLOW] 2.CConnector.OnConnectHandler - Call OnAccpetHandler(Connect is success) 
2021-07-26 11:55:54 [4] [INFO] - [FLOW] 1.CConnector.Start - Connect Start 
2021-07-26 11:55:55 [3] [INFO] - [FLOW] 2.CConnector.OnConnectHandler - Call OnAccpetHandler(Connect is success) 
2021-07-26 11:56:12 [4] [INFO] - [FLOW] 1.CConnector.Start - Connect Start 
2021-07-26 11:56:13 [3] [INFO] - [FLOW] 2.CConnector.OnConnectHandler - Call OnAccpetHandler(Connect is success) 
2021-07-26 11:57:02 [4] [INFO] - [FLOW] 1.CConnector.Start - Connect Start 
2021-07-26 11:57:05 [3] [INFO] - [FLOW] 2.CConnector.OnConnectHandler - Call OnAccpetHandler(Connect is success) 
2021-07-26 11:57:46 [4] [INFO] - [FLOW] 1.CConnector.Start - Connect Start 
2021-07-26 11:57:52 [3] [INFO] - [FLOW] 2.CConnector.OnConnectHandler - Call OnAccpetHandler(Connect is success) 
2021-07-26 11:58:47 [4] [INFO] - [FLOW] 1.CConnector.Start - Connect Start 
2021-07-26 11:59:05 [3] [INFO] - [FLOW] 2.CConnector.OnConnectHandler - Call OnAccpetHandler(Connect is success) 
2021-07-26 17:18:56 [4] [INFO] - [FLOW] 1.CConnector.Start - Connect Start 
2021-07-26 17:18:58 [3] [INFO] - [FLOW] 2.CConnector.OnConnectHandler - Call OnAccpetHandler(Connect is success) 
2021-07-26 17:34:49 [4] [INFO] - [FLOW] 1.CConnector.Start - Connect Start 
2021-07-26 17:34:55 [3] [INFO] - [FLOW] 2.CConnector.OnConnectHandler - Call OnAccpetHandler(Connect is success) 
2021-07-26 17:37:17 [4] [INFO] - [FLOW] 1.CConnector.Start - Connect Start 
2021-07-26 17:37:20 [3] [INFO] - [FLOW] 2.CConnector.OnConnectHandler - Call OnAccpetHandler(Connect is success) 
2021-07-26 17:42:16 [3] [INFO] - [FLOW] 3.CConnector.OnConnectHandler - Receive Start 
2021-07-26 17:44:26 [3] [ERROR] - Exception in CTcpSocket.OnReceiveHandler - Data receive error!!!(BytesTransferred = 0, SocketError = ConnectionReset) 
2021-07-26 17:44:28 [3] [ERROR] - Exception in CSocketBase.Disconnect!!! - Socket is already destroyed 
2021-07-26 19:02:11 [4] [INFO] - [FLOW] 1.CConnector.Start - Connect Start 
2021-07-26 19:02:13 [3] [INFO] - [FLOW] 2.CConnector.OnConnectHandler - Call OnAccpetHandler(Connect is success) 
2021-07-26 19:02:15 [3] [INFO] - [FLOW] 3.CConnector.OnConnectHandler - Receive Start 
2021-07-26 19:05:13 [4] [INFO] - [FLOW] 1.CConnector.Start - Connect Start 
2021-07-26 19:05:16 [3] [INFO] - [FLOW] 2.CConnector.OnConnectHandler - Call OnAccpetHandler(Connect is success) 
2021-07-26 19:05:18 [3] [INFO] - [FLOW] 3.CConnector.OnConnectHandler - Receive Start 
2021-07-26 19:11:04 [4] [INFO] - [FLOW] 1.CConnector.Start - Connect Start 
2021-07-26 19:11:05 [3] [INFO] - [FLOW] 2.CConnector.OnConnectHandler - Call OnAccpetHandler(Connect is success) 
2021-07-26 19:11:06 [3] [INFO] - [FLOW] 3.CConnector.OnConnectHandler - Receive Start 
2021-07-26 19:18:26 [4] [INFO] - [FLOW] 1.CConnector.Start - Connect Start 
2021-07-26 19:18:27 [3] [INFO] - [FLOW] 2.CConnector.OnConnectHandler - Call OnAccpetHandler(Connect is success) 
2021-07-26 19:18:28 [3] [INFO] - [FLOW] 3.CConnector.OnConnectHandler - Receive Start 
2021-07-26 19:19:18 [3] [ERROR] - Exception in CTcpSocket.AsyncSend - Socket state isn't to send packet!!! 
2021-07-26 19:19:40 [4] [INFO] - [FLOW] 1.CConnector.Start - Connect Start 
2021-07-26 19:19:40 [3] [INFO] - [FLOW] 2.CConnector.OnConnectHandler - Call OnAccpetHandler(Connect is success) 
2021-07-26 19:19:41 [3] [INFO] - [FLOW] 3.CConnector.OnConnectHandler - Receive Start 
2021-07-26 19:19:51 [4] [INFO] - [FLOW] 1.CConnector.Start - Connect Start 
2021-07-26 19:19:52 [3] [INFO] - [FLOW] 2.CConnector.OnConnectHandler - Call OnAccpetHandler(Connect is success) 
2021-07-26 19:19:53 [3] [INFO] - [FLOW] 3.CConnector.OnConnectHandler - Receive Start 
2021-07-26 19:20:03 [4] [INFO] - [FLOW] 1.CConnector.Start - Connect Start 
2021-07-26 19:20:04 [3] [INFO] - [FLOW] 2.CConnector.OnConnectHandler - Call OnAccpetHandler(Connect is success) 
2021-07-26 19:20:04 [3] [INFO] - [FLOW] 3.CConnector.OnConnectHandler - Receive Start 
2021-07-26 19:25:28 [4] [INFO] - [FLOW] 1.CConnector.Start - Connect Start 
2021-07-26 19:25:30 [3] [INFO] - [FLOW] 2.CConnector.OnConnectHandler - Call OnAccpetHandler(Connect is success) 
2021-07-26 19:25:30 [3] [INFO] - [FLOW] 3.CConnector.OnConnectHandler - Receive Start 
2021-07-26 19:30:12 [4] [INFO] - [FLOW] 1.CConnector.Start - Connect Start 
2021-07-26 19:30:13 [3] [INFO] - [FLOW] 2.CConnector.OnConnectHandler - Call OnAccpetHandler(Connect is success) 
2021-07-26 19:30:14 [3] [INFO] - [FLOW] 3.CConnector.OnConnectHandler - Receive Start 
