2021-07-28 00:08:03 [4] [INFO] - [FLOW] 1.CConnector.Start - Connect Start 
2021-07-28 00:08:05 [3] [INFO] - [FLOW] 2.CConnector.OnConnectHandler - Call OnAccpetHandler(Connect is success) 
2021-07-28 00:08:05 [3] [INFO] - [FLOW] 3.CConnector.OnConnectHandler - Receive Start 
2021-07-28 00:08:25 [4] [INFO] - [FLOW] 1.CConnector.Start - Connect Start 
2021-07-28 00:08:26 [3] [INFO] - [FLOW] 2.CConnector.OnConnectHandler - Call OnAccpetHandler(Connect is success) 
2021-07-28 00:08:27 [3] [INFO] - [FLOW] 3.CConnector.OnConnectHandler - Receive Start 
2021-07-28 00:09:25 [4] [INFO] - [FLOW] 1.CConnector.Start - Connect Start 
2021-07-28 00:09:26 [3] [INFO] - [FLOW] 2.CConnector.OnConnectHandler - Call OnAccpetHandler(Connect is success) 
2021-07-28 00:09:28 [3] [INFO] - [FLOW] 3.CConnector.OnConnectHandler - Receive Start 
2021-07-28 00:10:14 [4] [INFO] - [FLOW] 1.CConnector.Start - Connect Start 
2021-07-28 00:10:15 [3] [INFO] - [FLOW] 2.CConnector.OnConnectHandler - Call OnAccpetHandler(Connect is success) 
2021-07-28 00:10:16 [3] [INFO] - [FLOW] 3.CConnector.OnConnectHandler - Receive Start 
2021-07-28 00:10:24 [4] [INFO] - [FLOW] 1.CConnector.Start - Connect Start 
2021-07-28 00:10:25 [3] [INFO] - [FLOW] 2.CConnector.OnConnectHandler - Call OnAccpetHandler(Connect is success) 
2021-07-28 00:10:25 [3] [INFO] - [FLOW] 3.CConnector.OnConnectHandler - Receive Start 
2021-07-28 00:13:22 [4] [INFO] - [FLOW] 1.CConnector.Start - Connect Start 
2021-07-28 00:13:26 [3] [INFO] - [FLOW] 2.CConnector.OnConnectHandler - Call OnAccpetHandler(Connect is success) 
2021-07-28 00:13:27 [3] [INFO] - [FLOW] 3.CConnector.OnConnectHandler - Receive Start 
2021-07-28 00:33:56 [4] [INFO] - [FLOW] 1.CConnector.Start - Connect Start 
2021-07-28 00:33:59 [3] [INFO] - [FLOW] 2.CConnector.OnConnectHandler - Call OnAccpetHandler(Connect is success) 
2021-07-28 00:34:00 [3] [INFO] - [FLOW] 3.CConnector.OnConnectHandler - Receive Start 
2021-07-28 00:38:34 [6] [ERROR] - Exception in CTcpSocket.OnReceiveHandler - Data receive error!!!(BytesTransferred = 0, SocketError = ConnectionReset) 
2021-07-28 00:38:39 [4] [INFO] - [FLOW] 1.CConnector.Start - Connect Start 
2021-07-28 00:38:40 [3] [INFO] - [FLOW] 2.CConnector.OnConnectHandler - Call OnAccpetHandler(Connect is success) 
2021-07-28 00:38:40 [3] [INFO] - [FLOW] 3.CConnector.OnConnectHandler - Receive Start 
2021-07-28 00:40:20 [4] [INFO] - [FLOW] 1.CConnector.Start - Connect Start 
2021-07-28 00:40:21 [3] [INFO] - [FLOW] 2.CConnector.OnConnectHandler - Call OnAccpetHandler(Connect is success) 
2021-07-28 00:40:21 [3] [INFO] - [FLOW] 3.CConnector.OnConnectHandler - Receive Start 
2021-07-28 00:41:14 [4] [INFO] - [FLOW] 1.CConnector.Start - Connect Start 
2021-07-28 00:41:17 [3] [INFO] - [FLOW] 2.CConnector.OnConnectHandler - Call OnAccpetHandler(Connect is success) 
2021-07-28 00:41:21 [3] [INFO] - [FLOW] 3.CConnector.OnConnectHandler - Receive Start 
2021-07-28 00:50:47 [4] [INFO] - [FLOW] 1.CConnector.Start - Connect Start 
2021-07-28 00:53:58 [4] [INFO] - [FLOW] 1.CConnector.Start - Connect Start 
2021-07-28 00:54:01 [3] [INFO] - [FLOW] 2.CConnector.OnConnectHandler - Call OnAccpetHandler(Connect is success) 
2021-07-28 00:54:03 [3] [INFO] - [FLOW] 3.CConnector.OnConnectHandler - Receive Start 
2021-07-28 01:13:46 [4] [INFO] - [FLOW] 1.CConnector.Start - Connect Start 
2021-07-28 01:13:47 [3] [INFO] - [FLOW] 2.CConnector.OnConnectHandler - Call OnAccpetHandler(Connect is success) 
2021-07-28 01:13:47 [3] [INFO] - [FLOW] 3.CConnector.OnConnectHandler - Receive Start 
2021-07-28 01:15:24 [4] [INFO] - [FLOW] 1.CConnector.Start - Connect Start 
2021-07-28 01:15:57 [4] [INFO] - [FLOW] 1.CConnector.Start - Connect Start 
2021-07-28 01:16:29 [4] [INFO] - [FLOW] 1.CConnector.Start - Connect Start 
2021-07-28 01:16:32 [4] [ERROR] - Exception in CConnector.Start!!! - 값은 null일 수 없습니다.
매개 변수 이름: remoteEP,   위치: System.Net.Sockets.Socket.ConnectAsync(SocketAsyncEventArgs e)
   위치: ProjectWaterMelon.Network.CConnector.Start() 파일 D:\visual studio 2019\C#\Server\DDH_Project_Client\DDH_Project_Client\ProjectWaterMelon\Network\CConnector.cs:줄 51 
2021-07-28 01:17:51 [4] [INFO] - [FLOW] 1.CConnector.Start - Connect Start 
2021-07-28 01:18:03 [4] [ERROR] - Exception in CConnector.Start!!! - 개체 참조가 개체의 인스턴스로 설정되지 않았습니다.,   위치: ProjectWaterMelon.Network.CConnector.Start() 파일 D:\visual studio 2019\C#\Server\DDH_Project_Client\DDH_Project_Client\ProjectWaterMelon\Network\CConnector.cs:줄 53 
2021-07-28 01:19:38 [4] [INFO] - [FLOW] 1.CConnector.Start - Connect Start 
2021-07-28 01:19:50 [3] [ERROR] - Exception in CSocketBase.Disconnect!!! - Socket is already destroyed 
2021-07-28 01:19:52 [3] [ERROR] - Error in CConnector.OnBadConnectHandler!!! - SessionManager didn't remove session properly 
2021-07-28 01:19:53 [3] [ERROR] - Error in CConnector.OnConnectHandler!!! - ConnectionRefused 
2021-07-28 01:20:11 [4] [INFO] - [FLOW] 1.CConnector.Start - Connect Start 
2021-07-28 01:20:14 [3] [INFO] - [FLOW] 2.CConnector.OnConnectHandler - Call OnAccpetHandler(Connect is success) 
2021-07-28 01:20:16 [3] [INFO] - [FLOW] 3.CConnector.OnConnectHandler - Receive Start 
