2021-07-10 06:25:38 [4] [INFO] - [FLOW] 1.CConnector.Start - Connect Start 
2021-07-10 06:25:42 [4] [ERROR] - Exception in CConnector.Start!!! - 값은 null일 수 없습니다.
매개 변수 이름: remoteEP,   위치: System.Net.Sockets.Socket.ConnectAsync(SocketAsyncEventArgs e)
   위치: ProjectWaterMelon.Network.CConnector.Start() 파일 D:\visual studio 2019\C#\Server\DDH_Project_Client\DDH_Project_Client\ProjectWaterMelon\Network\CConnector.cs:줄 81 
2021-07-10 06:27:35 [4] [INFO] - [FLOW] 1.CConnector.Start - Connect Start 
2021-07-10 06:29:52 [4] [INFO] - [FLOW] 1.CConnector.Start - Connect Start 
2021-07-10 06:30:18 [4] [ERROR] - Exception in CConnector.Start!!! - 값은 null일 수 없습니다.
매개 변수 이름: remoteEP,   위치: System.Net.Sockets.Socket.ConnectAsync(SocketAsyncEventArgs e)
   위치: ProjectWaterMelon.Network.CConnector.Start() 파일 D:\visual studio 2019\C#\Server\DDH_Project_Client\DDH_Project_Client\ProjectWaterMelon\Network\CConnector.cs:줄 81 
2021-07-10 06:31:48 [1] [ERROR] - Exception in CConnector.Init!!! - 각 소켓 주소(프로토콜/네트워크 주소/포트)는 하나만 사용할 수 있습니다,   위치: System.Net.Sockets.Socket.DoBind(EndPoint endPointSnapshot, SocketAddress socketAddress)
   위치: System.Net.Sockets.Socket.Bind(EndPoint localEP)
   위치: ProjectWaterMelon.Network.CConnector.Init(String host, UInt16 port, Boolean tcpFlag, Boolean ipv4Flag) 파일 D:\visual studio 2019\C#\Server\DDH_Project_Client\DDH_Project_Client\ProjectWaterMelon\Network\CConnector.cs:줄 58 
2021-07-10 06:31:48 [5] [INFO] - [FLOW] 1.CConnector.Start - Connect Start 
2021-07-10 06:31:50 [5] [ERROR] - Error in CMemoryPool.ConcurrentPop!!! - Not Enough Memory Pool Space 
2021-07-10 06:31:59 [1] [ERROR] - Exception in CConnector.Init!!! - 각 소켓 주소(프로토콜/네트워크 주소/포트)는 하나만 사용할 수 있습니다,   위치: System.Net.Sockets.Socket.DoBind(EndPoint endPointSnapshot, SocketAddress socketAddress)
   위치: System.Net.Sockets.Socket.Bind(EndPoint localEP)
   위치: ProjectWaterMelon.Network.CConnector.Init(String host, UInt16 port, Boolean tcpFlag, Boolean ipv4Flag) 파일 D:\visual studio 2019\C#\Server\DDH_Project_Client\DDH_Project_Client\ProjectWaterMelon\Network\CConnector.cs:줄 58 
2021-07-10 06:31:59 [5] [INFO] - [FLOW] 1.CConnector.Start - Connect Start 
2021-07-10 06:32:07 [5] [ERROR] - Error in CMemoryPool.ConcurrentPop!!! - Not Enough Memory Pool Space 
2021-07-10 06:32:49 [1] [ERROR] - Exception in CConnector.Init!!! - 각 소켓 주소(프로토콜/네트워크 주소/포트)는 하나만 사용할 수 있습니다,   위치: System.Net.Sockets.Socket.DoBind(EndPoint endPointSnapshot, SocketAddress socketAddress)
   위치: System.Net.Sockets.Socket.Bind(EndPoint localEP)
   위치: ProjectWaterMelon.Network.CConnector.Init(String host, UInt16 port, Boolean tcpFlag, Boolean ipv4Flag) 파일 D:\visual studio 2019\C#\Server\DDH_Project_Client\DDH_Project_Client\ProjectWaterMelon\Network\CConnector.cs:줄 58 
2021-07-10 06:32:49 [5] [INFO] - [FLOW] 1.CConnector.Start - Connect Start 
2021-07-10 06:33:20 [1] [ERROR] - Exception in CConnector.Init!!! - 각 소켓 주소(프로토콜/네트워크 주소/포트)는 하나만 사용할 수 있습니다,   위치: System.Net.Sockets.Socket.DoBind(EndPoint endPointSnapshot, SocketAddress socketAddress)
   위치: System.Net.Sockets.Socket.Bind(EndPoint localEP)
   위치: ProjectWaterMelon.Network.CConnector.Init(String host, UInt16 port, Boolean tcpFlag, Boolean ipv4Flag) 파일 D:\visual studio 2019\C#\Server\DDH_Project_Client\DDH_Project_Client\ProjectWaterMelon\Network\CConnector.cs:줄 58 
2021-07-10 06:33:20 [5] [INFO] - [FLOW] 1.CConnector.Start - Connect Start 
2021-07-10 06:33:38 [1] [ERROR] - Exception in CConnector.Init!!! - 각 소켓 주소(프로토콜/네트워크 주소/포트)는 하나만 사용할 수 있습니다,   위치: System.Net.Sockets.Socket.DoBind(EndPoint endPointSnapshot, SocketAddress socketAddress)
   위치: System.Net.Sockets.Socket.Bind(EndPoint localEP)
   위치: ProjectWaterMelon.Network.CConnector.Init(String host, UInt16 port, Boolean tcpFlag, Boolean ipv4Flag) 파일 D:\visual studio 2019\C#\Server\DDH_Project_Client\DDH_Project_Client\ProjectWaterMelon\Network\CConnector.cs:줄 58 
2021-07-10 21:54:14 [3] [INFO] - [FLOW] 1.CConnector.Start - Connect Start 
2021-07-10 21:54:19 [3] [ERROR] - Exception in CConnector.Start!!! - 값은 null일 수 없습니다.
매개 변수 이름: remoteEP,   위치: System.Net.Sockets.Socket.ConnectAsync(SocketAsyncEventArgs e)
   위치: ProjectWaterMelon.Network.CConnector.Start() 파일 D:\visual studio 2019\C#\Server\DDH_Project_Client\DDH_Project_Client\ProjectWaterMelon\Network\CConnector.cs:줄 80 
2021-07-10 23:52:32 [5] [INFO] - [FLOW] 1.CConnector.Start - Connect Start 
2021-07-10 23:52:37 [4] [ERROR] - Exception in CSocketBase.Disconnect!!! - Socket is already destroyed 
2021-07-10 23:52:40 [4] [ERROR] - Exception in CSocketBase.Disconnect!!! - Socket is already destroyed 
2021-07-10 23:52:43 [4] [ERROR] - Exception in CSocketBase.Disconnect!!! - Socket is already destroyed 
2021-07-10 23:52:58 [4] [ERROR] - Exception in CSocketBase.Disconnect!!! - Socket is already destroyed 
2021-07-10 23:53:07 [4] [ERROR] - Exception in CSocketBase.Disconnect!!! - Socket is already destroyed 
2021-07-10 23:53:11 [4] [ERROR] - Exception in CSocketBase.Disconnect!!! - Socket is already destroyed 
2021-07-10 23:53:43 [5] [INFO] - [FLOW] 1.CConnector.Start - Connect Start 
2021-07-10 23:53:47 [4] [ERROR] - Exception in CSocketBase.Disconnect!!! - Socket is already destroyed 
2021-07-10 23:54:05 [6] [ERROR] - Exception in CSocketBase.Disconnect!!! - Socket is already destroyed 
2021-07-10 23:54:41 [5] [INFO] - [FLOW] 1.CConnector.Start - Connect Start 
2021-07-10 23:54:46 [4] [ERROR] - Exception in CSocketBase.Disconnect!!! - Socket is already destroyed 
